
> vibe-generated-app@1.0.0 dev
> vite


  VITE v5.4.20  ready in 270 ms

  ➜  Local:   http://localhost:3000/
  ➜  Network: http://172.20.1.50:3000/
9:52:36 PM [vite] Pre-transform error: Transform failed with 1 error:
/home/workspace/src/components/About.jsx:18:45: ERROR: Expected "{" but found "\\"
9:52:37 PM [vite] ✨ new dependencies optimized: @splinetool/react-spline, lucide-react
9:52:37 PM [vite] ✨ optimized dependencies changed. reloading
9:52:37 PM [vite] Pre-transform error: Transform failed with 1 error:
/home/workspace/src/components/About.jsx:18:45: ERROR: Expected "{" but found "\\"
9:52:40 PM [vite] Internal server error: Transform failed with 1 error:
/home/workspace/src/components/About.jsx:18:45: ERROR: Expected "{" but found "\\"
  Plugin: vite:esbuild
  File: /home/workspace/src/components/About.jsx:18:45
  
  Expected "{" but found "\\"
  16 |  
  17 |          <div className="mt-12 grid gap-6 sm:grid-cols-2 md:grid-cols-3">
  18 |            <Feature icon={<Sparkles className=\"h-5 w-5 text-fuchsia-400\" />} title="Design x Code">
     |                                               ^
  19 |              Thoughtful interfaces, motion, and micro‑interactions that feel alive.
  20 |            </Feature>
  
      at failureErrorWithLog (/home/workspace/node_modules/esbuild/lib/main.js:1472:15)
      at /home/workspace/node_modules/esbuild/lib/main.js:755:50
      at responseCallbacks.<computed> (/home/workspace/node_modules/esbuild/lib/main.js:622:9)
      at handleIncomingPacket (/home/workspace/node_modules/esbuild/lib/main.js:677:12)
      at Socket.readFromStdout (/home/workspace/node_modules/esbuild/lib/main.js:600:7)
      at Socket.emit (node:events:508:28)
      at addChunk (node:internal/streams/readable:559:12)
      at readableAddChunkPushByteMode (node:internal/streams/readable:510:3)
      at Readable.push (node:internal/streams/readable:390:5)
      at Pipe.onStreamRead (node:internal/stream_base_commons:189:23)
